11:27 00:00:10.962 [restartedMain] [INFO] [com.example.demo.CartClient] - Starting CartClient on DESKTOP-CQORGQ5 with PID 21348 (E:\workspace\CartService\target\classes started by caich in E:\workspace\CartService)
11:27 00:00:10.963 [restartedMain] [INFO] [com.example.demo.CartClient] - No active profile set, falling back to default profiles: default
11:27 00:00:36.361 [restartedMain] [INFO] [com.example.demo.CartClient] - Starting CartClient on DESKTOP-CQORGQ5 with PID 21348 (E:\workspace\CartService\target\classes started by caich in E:\workspace\CartService)
11:27 00:00:36.361 [restartedMain] [INFO] [com.example.demo.CartClient] - No active profile set, falling back to default profiles: default
11:27 00:01:25.826 [restartedMain] [INFO] [com.example.demo.CartClient] - Starting CartClient on DESKTOP-CQORGQ5 with PID 21348 (E:\workspace\CartService\target\classes started by caich in E:\workspace\CartService)
11:27 00:01:25.826 [restartedMain] [INFO] [com.example.demo.CartClient] - No active profile set, falling back to default profiles: default
11:27 00:01:30.153 [restartedMain] [INFO] [com.example.demo.CartClient] - Starting CartClient on DESKTOP-CQORGQ5 with PID 21348 (E:\workspace\CartService\target\classes started by caich in E:\workspace\CartService)
11:27 00:01:30.153 [restartedMain] [INFO] [com.example.demo.CartClient] - No active profile set, falling back to default profiles: default
11:27 00:02:20.180 [restartedMain] [INFO] [com.example.demo.CartClient] - Starting CartClient on DESKTOP-CQORGQ5 with PID 21348 (E:\workspace\CartService\target\classes started by caich in E:\workspace\CartService)
11:27 00:02:20.180 [restartedMain] [INFO] [com.example.demo.CartClient] - No active profile set, falling back to default profiles: default
11:27 00:03:36.723 [restartedMain] [INFO] [com.example.demo.CartClient] - Starting CartClient on DESKTOP-CQORGQ5 with PID 21348 (E:\workspace\CartService\target\classes started by caich in E:\workspace\CartService)
11:27 00:03:36.724 [restartedMain] [INFO] [com.example.demo.CartClient] - No active profile set, falling back to default profiles: default
11:27 00:04:10.538 [restartedMain] [INFO] [com.example.demo.CartClient] - Starting CartClient on DESKTOP-CQORGQ5 with PID 21348 (E:\workspace\CartService\target\classes started by caich in E:\workspace\CartService)
11:27 00:04:10.538 [restartedMain] [INFO] [com.example.demo.CartClient] - No active profile set, falling back to default profiles: default
11:27 00:04:20.724 [restartedMain] [INFO] [com.example.demo.CartClient] - Starting CartClient on DESKTOP-CQORGQ5 with PID 21348 (E:\workspace\CartService\target\classes started by caich in E:\workspace\CartService)
11:27 00:04:20.724 [restartedMain] [INFO] [com.example.demo.CartClient] - No active profile set, falling back to default profiles: default
11:27 00:08:13.983 [restartedMain] [INFO] [com.example.demo.CartClient] - Starting CartClient on DESKTOP-CQORGQ5 with PID 21348 (E:\workspace\CartService\target\classes started by caich in E:\workspace\CartService)
11:27 00:08:13.984 [restartedMain] [INFO] [com.example.demo.CartClient] - No active profile set, falling back to default profiles: default
11:27 00:08:52.520 [restartedMain] [INFO] [com.example.demo.CartClient] - Starting CartClient on DESKTOP-CQORGQ5 with PID 21348 (E:\workspace\CartService\target\classes started by caich in E:\workspace\CartService)
11:27 00:08:52.520 [restartedMain] [INFO] [com.example.demo.CartClient] - No active profile set, falling back to default profiles: default
11:27 00:09:15.953 [restartedMain] [INFO] [com.example.demo.CartClient] - Starting CartClient on DESKTOP-CQORGQ5 with PID 21348 (E:\workspace\CartService\target\classes started by caich in E:\workspace\CartService)
11:27 00:09:15.953 [restartedMain] [INFO] [com.example.demo.CartClient] - No active profile set, falling back to default profiles: default
11:27 00:09:26.399 [restartedMain] [INFO] [com.example.demo.CartClient] - Starting CartClient on DESKTOP-CQORGQ5 with PID 21348 (E:\workspace\CartService\target\classes started by caich in E:\workspace\CartService)
11:27 00:09:26.399 [restartedMain] [INFO] [com.example.demo.CartClient] - No active profile set, falling back to default profiles: default
11:27 00:09:36.599 [restartedMain] [INFO] [com.example.demo.CartClient] - Starting CartClient on DESKTOP-CQORGQ5 with PID 21348 (E:\workspace\CartService\target\classes started by caich in E:\workspace\CartService)
11:27 00:09:36.599 [restartedMain] [INFO] [com.example.demo.CartClient] - No active profile set, falling back to default profiles: default
11:27 00:09:47.734 [restartedMain] [INFO] [com.example.demo.CartClient] - Starting CartClient on DESKTOP-CQORGQ5 with PID 21348 (E:\workspace\CartService\target\classes started by caich in E:\workspace\CartService)
11:27 00:09:47.735 [restartedMain] [INFO] [com.example.demo.CartClient] - No active profile set, falling back to default profiles: default
11:27 00:09:50.389 [restartedMain] [INFO] [com.example.demo.CartClient] - Started CartClient in 2.679 seconds (JVM running for 1357.754)
11:27 00:09:50.394 [restartedMain] [INFO] [c.e.demo.service.LoggingService] - Inside methodsave
11:27 00:09:50.529 [restartedMain] [INFO] [c.e.demo.service.LoggingService] - Exiting methodsave
11:27 00:09:50.529 [restartedMain] [INFO] [c.e.demo.service.LoggingService] - Inside methodsave
11:27 00:09:50.647 [restartedMain] [INFO] [c.e.demo.service.LoggingService] - Exiting methodsave
11:27 00:09:54.227 [restartedMain] [INFO] [com.example.demo.CartClient] - Starting CartClient on DESKTOP-CQORGQ5 with PID 21348 (E:\workspace\CartService\target\classes started by caich in E:\workspace\CartService)
11:27 00:09:54.227 [restartedMain] [INFO] [com.example.demo.CartClient] - No active profile set, falling back to default profiles: default
11:27 00:09:56.673 [restartedMain] [INFO] [com.example.demo.CartClient] - Started CartClient in 2.493 seconds (JVM running for 1364.037)
11:27 00:09:56.676 [restartedMain] [INFO] [c.e.demo.service.LoggingService] - Inside methodsave
11:27 00:09:56.797 [restartedMain] [INFO] [c.e.demo.service.LoggingService] - Exiting methodsave
11:27 00:09:56.797 [restartedMain] [INFO] [c.e.demo.service.LoggingService] - Inside methodsave
11:27 00:09:56.909 [restartedMain] [INFO] [c.e.demo.service.LoggingService] - Exiting methodsave
11:27 00:10:05.598 [restartedMain] [INFO] [com.example.demo.CartClient] - Starting CartClient on DESKTOP-CQORGQ5 with PID 18392 (E:\workspace\CartService\target\classes started by caich in E:\workspace\CartService)
11:27 00:10:05.601 [restartedMain] [INFO] [com.example.demo.CartClient] - No active profile set, falling back to default profiles: default
11:27 00:10:28.646 [restartedMain] [INFO] [com.example.demo.CartClient] - Starting CartClient on DESKTOP-CQORGQ5 with PID 21988 (E:\workspace\CartService\target\classes started by caich in E:\workspace\CartService)
11:27 00:10:28.649 [restartedMain] [INFO] [com.example.demo.CartClient] - No active profile set, falling back to default profiles: default
11:27 00:10:40.998 [restartedMain] [INFO] [com.example.demo.CartClient] - Started CartClient in 12.789 seconds (JVM running for 13.669)
11:27 00:10:41.061 [restartedMain] [INFO] [c.e.demo.service.LoggingService] - Inside methodsave
11:27 00:10:41.346 [restartedMain] [INFO] [c.e.demo.service.LoggingService] - Exiting methodsave
11:27 00:10:41.346 [restartedMain] [INFO] [c.e.demo.service.LoggingService] - Inside methodsave
11:27 00:10:41.493 [restartedMain] [INFO] [c.e.demo.service.LoggingService] - Exiting methodsave
11:27 00:11:13.312 [http-nio-8080-exec-5] [INFO] [c.e.demo.service.LoggingService] - Inside methodfindAll
11:27 00:11:13.641 [http-nio-8080-exec-5] [INFO] [c.e.demo.service.LoggingService] - Exiting methodfindAll
11:27 00:14:35.869 [http-nio-8080-exec-4] [INFO] [c.e.demo.service.LoggingService] - Inside methodfindAll
11:27 00:14:36.092 [http-nio-8080-exec-4] [INFO] [c.e.demo.service.LoggingService] - Exiting methodfindAll
11:27 00:14:52.337 [http-nio-8080-exec-3] [INFO] [c.e.demo.service.LoggingService] - Inside methodfindById
11:27 00:14:52.455 [http-nio-8080-exec-3] [INFO] [c.e.demo.service.LoggingService] - Exiting methodfindById
11:27 00:15:16.155 [http-nio-8080-exec-6] [INFO] [c.e.demo.service.LoggingService] - Inside methodfindAll
11:27 00:15:16.281 [http-nio-8080-exec-6] [INFO] [c.e.demo.service.LoggingService] - Exiting methodfindAll
11:27 00:16:06.656 [http-nio-8080-exec-8] [INFO] [c.e.demo.service.LoggingService] - Inside methodgetCartByCustomerId
11:27 00:16:18.502 [http-nio-8080-exec-9] [INFO] [c.e.demo.service.LoggingService] - Inside methodgetCartByCustomerId
11:27 00:16:25.345 [http-nio-8080-exec-10] [INFO] [c.e.demo.service.LoggingService] - Inside methodgetCartByCustomerId
11:27 00:16:39.085 [http-nio-8080-exec-1] [INFO] [c.e.demo.service.LoggingService] - Inside methodgetCartByCustomerId
11:27 00:18:18.478 [http-nio-8080-exec-4] [INFO] [c.e.demo.service.LoggingService] - Inside methodgetCartByCustomerId
11:27 00:18:18.602 [http-nio-8080-exec-4] [INFO] [c.e.demo.service.LoggingService] - Exiting methodgetCartByCustomerId
11:27 00:18:42.255 [restartedMain] [INFO] [com.example.demo.CartClient] - Starting CartClient on DESKTOP-CQORGQ5 with PID 21988 (E:\workspace\CartService\target\classes started by caich in E:\workspace\CartService)
11:27 00:18:42.257 [restartedMain] [INFO] [com.example.demo.CartClient] - No active profile set, falling back to default profiles: default
11:27 00:18:45.482 [restartedMain] [INFO] [com.example.demo.CartClient] - Started CartClient in 3.319 seconds (JVM running for 498.153)
11:27 00:18:45.485 [restartedMain] [INFO] [c.e.demo.service.LoggingService] - Inside methodsave
11:27 00:18:45.634 [restartedMain] [INFO] [c.e.demo.service.LoggingService] - Exiting methodsave
11:27 00:18:45.635 [restartedMain] [INFO] [c.e.demo.service.LoggingService] - Inside methodsave
11:27 00:18:45.782 [restartedMain] [INFO] [c.e.demo.service.LoggingService] - Exiting methodsave
11:27 09:52:30.046 [restartedMain] [INFO] [com.example.demo.CartClient] - Starting CartClient on DESKTOP-CQORGQ5 with PID 12692 (E:\workspace\ShoppingAppCart\target\classes started by caich in E:\workspace\ShoppingAppCart)
11:27 09:52:30.049 [restartedMain] [INFO] [com.example.demo.CartClient] - No active profile set, falling back to default profiles: default
11:27 09:52:42.497 [restartedMain] [INFO] [com.example.demo.CartClient] - Started CartClient in 12.751 seconds (JVM running for 13.386)
11:27 09:52:42.574 [restartedMain] [INFO] [c.e.demo.service.LoggingService] - Inside methodsave
11:27 09:52:42.921 [restartedMain] [INFO] [c.e.demo.service.LoggingService] - Exiting methodsave
11:27 09:52:42.921 [restartedMain] [INFO] [c.e.demo.service.LoggingService] - Inside methodsave
11:27 09:52:43.037 [restartedMain] [INFO] [c.e.demo.service.LoggingService] - Exiting methodsave
11:27 09:54:05.565 [http-nio-8080-exec-8] [INFO] [c.e.demo.service.LoggingService] - Inside methodfindById
11:27 09:54:05.687 [http-nio-8080-exec-8] [INFO] [c.e.demo.service.LoggingService] - Exiting methodfindById
11:27 10:50:42.086 [restartedMain] [INFO] [com.example.demo.CartClient] - Starting CartClient on DESKTOP-CQORGQ5 with PID 11516 (E:\workspace\ShoppingAppCart\target\classes started by caich in E:\workspace\ShoppingAppCart)
11:27 10:50:42.090 [restartedMain] [INFO] [com.example.demo.CartClient] - No active profile set, falling back to default profiles: default
11:27 10:50:50.983 [restartedMain] [INFO] [com.example.demo.CartClient] - Started CartClient in 9.21 seconds (JVM running for 9.86)
11:27 10:50:51.039 [restartedMain] [INFO] [c.e.demo.service.LoggingService] - Inside methodsave
11:27 10:50:51.275 [restartedMain] [INFO] [c.e.demo.service.LoggingService] - Exiting methodsave
11:27 10:50:51.275 [restartedMain] [INFO] [c.e.demo.service.LoggingService] - Inside methodsave
11:27 10:50:51.408 [restartedMain] [INFO] [c.e.demo.service.LoggingService] - Exiting methodsave
11:27 10:51:42.388 [http-nio-8080-exec-3] [INFO] [c.e.demo.service.LoggingService] - Inside methodfindAll
11:27 10:51:42.812 [http-nio-8080-exec-3] [INFO] [c.e.demo.service.LoggingService] - Exiting methodfindAll
11:27 11:54:47.875 [restartedMain] [INFO] [com.example.demo.ShippingClient] - Starting ShippingClient on DESKTOP-CQORGQ5 with PID 11776 (E:\workspace\ShoppingAppShipping\target\classes started by caich in E:\workspace\ShoppingAppShipping)
11:27 11:54:47.877 [restartedMain] [INFO] [com.example.demo.ShippingClient] - No active profile set, falling back to default profiles: default
11:27 11:59:28.196 [restartedMain] [INFO] [com.example.demo.ShippingClient] - Starting ShippingClient on DESKTOP-CQORGQ5 with PID 11032 (E:\workspace\ShoppingAppShipping\target\classes started by caich in E:\workspace\ShoppingAppShipping)
11:27 11:59:28.198 [restartedMain] [INFO] [com.example.demo.ShippingClient] - No active profile set, falling back to default profiles: default
11:27 12:01:14.647 [restartedMain] [INFO] [com.example.demo.ShippingClient] - Starting ShippingClient on DESKTOP-CQORGQ5 with PID 6176 (E:\workspace\ShoppingAppShipping\target\classes started by caich in E:\workspace\ShoppingAppShipping)
11:27 12:01:14.650 [restartedMain] [INFO] [com.example.demo.ShippingClient] - No active profile set, falling back to default profiles: default
11:27 12:01:22.757 [restartedMain] [INFO] [com.example.demo.ShippingClient] - Started ShippingClient in 8.407 seconds (JVM running for 9.022)
11:27 12:01:22.815 [restartedMain] [INFO] [c.e.demo.service.LoggingService] - Inside methodsave
11:27 12:01:23.032 [restartedMain] [INFO] [c.e.demo.service.LoggingService] - Exiting methodsave
11:27 12:01:23.032 [restartedMain] [INFO] [c.e.demo.service.LoggingService] - Inside methodsave
11:27 12:01:23.160 [restartedMain] [INFO] [c.e.demo.service.LoggingService] - Exiting methodsave
11:27 12:02:31.214 [http-nio-8080-exec-3] [INFO] [c.e.demo.service.LoggingService] - Inside methodfindAll
11:27 12:02:31.449 [http-nio-8080-exec-3] [INFO] [c.e.demo.service.LoggingService] - Exiting methodfindAll
11:27 12:03:21.818 [http-nio-8080-exec-6] [INFO] [c.e.demo.service.LoggingService] - Inside methodgetShippingBySenderId
11:27 12:04:05.693 [http-nio-8080-exec-7] [INFO] [c.e.demo.service.LoggingService] - Inside methodgetShippingBySenderId
11:27 12:04:37.060 [http-nio-8080-exec-9] [INFO] [c.e.demo.service.LoggingService] - Inside methodgetShippingByOrderId
11:27 12:04:37.147 [http-nio-8080-exec-9] [INFO] [c.e.demo.service.LoggingService] - Exiting methodgetShippingByOrderId
11:27 12:04:56.122 [http-nio-8080-exec-10] [INFO] [c.e.demo.service.LoggingService] - Inside methodgetShippingByOrderId
11:27 12:04:56.209 [http-nio-8080-exec-10] [INFO] [c.e.demo.service.LoggingService] - Exiting methodgetShippingByOrderId
11:27 12:05:43.240 [http-nio-8080-exec-1] [INFO] [c.e.demo.service.LoggingService] - Inside methodgetShippingBySenderId
11:27 12:06:54.814 [restartedMain] [INFO] [com.example.demo.ShippingClient] - Starting ShippingClient on DESKTOP-CQORGQ5 with PID 6176 (E:\workspace\ShoppingAppShipping\target\classes started by caich in E:\workspace\ShoppingAppShipping)
11:27 12:06:54.814 [restartedMain] [INFO] [com.example.demo.ShippingClient] - No active profile set, falling back to default profiles: default
11:27 12:06:57.130 [restartedMain] [INFO] [com.example.demo.ShippingClient] - Started ShippingClient in 2.357 seconds (JVM running for 343.396)
11:27 12:06:57.132 [restartedMain] [INFO] [c.e.demo.service.LoggingService] - Inside methodsave
11:27 12:06:57.265 [restartedMain] [INFO] [c.e.demo.service.LoggingService] - Exiting methodsave
11:27 12:06:57.265 [restartedMain] [INFO] [c.e.demo.service.LoggingService] - Inside methodsave
11:27 12:06:57.339 [http-nio-8080-exec-1] [INFO] [c.e.demo.service.LoggingService] - Inside methodgetShippingBySenderId
11:27 12:06:57.422 [restartedMain] [INFO] [c.e.demo.service.LoggingService] - Exiting methodsave
11:27 12:06:57.474 [http-nio-8080-exec-1] [INFO] [c.e.demo.service.LoggingService] - Exiting methodgetShippingBySenderId
11:27 12:07:12.195 [http-nio-8080-exec-4] [INFO] [c.e.demo.service.LoggingService] - Inside methodgetShippingBySenderId
11:27 12:07:12.293 [http-nio-8080-exec-4] [INFO] [c.e.demo.service.LoggingService] - Exiting methodgetShippingBySenderId
11:27 13:04:14.946 [restartedMain] [INFO] [com.example.demo.ShippingClient] - Starting ShippingClient on DESKTOP-CQORGQ5 with PID 6176 (E:\workspace\ShoppingAppShipping\target\classes started by caich in E:\workspace\ShoppingAppShipping)
11:27 13:04:14.946 [restartedMain] [INFO] [com.example.demo.ShippingClient] - No active profile set, falling back to default profiles: default
11:27 13:05:19.625 [restartedMain] [INFO] [com.example.demo.ShippingClient] - Starting ShippingClient on DESKTOP-CQORGQ5 with PID 6176 (E:\workspace\ShoppingAppShipping\target\classes started by caich in E:\workspace\ShoppingAppShipping)
11:27 13:05:19.625 [restartedMain] [INFO] [com.example.demo.ShippingClient] - No active profile set, falling back to default profiles: default
11:27 13:05:22.012 [restartedMain] [INFO] [com.example.demo.ShippingClient] - Started ShippingClient in 2.443 seconds (JVM running for 3848.277)
11:27 13:05:22.015 [restartedMain] [INFO] [c.e.demo.service.LoggingService] - Inside methodsave
11:27 13:05:22.112 [restartedMain] [INFO] [c.e.demo.service.LoggingService] - Exiting methodsave
11:27 13:05:22.112 [restartedMain] [INFO] [c.e.demo.service.LoggingService] - Inside methodsave
11:27 13:05:22.208 [restartedMain] [INFO] [c.e.demo.service.LoggingService] - Exiting methodsave
